<testsuites id="" name="" tests="21" failures="3" skipped="0" errors="0" time="487.740511">
<testsuite name="account.spec.ts" timestamp="2025-05-12T05:56:25.613Z" hostname="" tests="2" failures="0" skipped="0" time="57.844" errors="0">
<testcase name="check account page options" classname="account.spec.ts" time="30.888">
<system-out>
<![CDATA[
[[ATTACHMENT|test-results/account-check-account-page-options/test-finished-1.png]]
]]>
</system-out>
</testcase>
<testcase name="change user name" classname="account.spec.ts" time="26.956">
<system-out>
<![CDATA[
[[ATTACHMENT|test-results/account-change-user-name/test-finished-1.png]]
]]>
</system-out>
</testcase>
</testsuite>
<testsuite name="addressBook.spec.ts" timestamp="2025-05-12T05:56:25.613Z" hostname="" tests="1" failures="0" skipped="0" time="484.8" errors="0">
<testcase name="check addressBook page" classname="addressBook.spec.ts" time="484.8">
<system-out>
<![CDATA[
[[ATTACHMENT|test-results/addressBook-check-addressBook-page/test-failed-1.png]]

[[ATTACHMENT|test-results/addressBook-check-addressBook-page/video.webm]]

[[ATTACHMENT|test-results/addressBook-check-addressBook-page/trace.zip]]

[[ATTACHMENT|test-results/addressBook-check-addressBook-page-retry1/test-finished-1.png]]
]]>
</system-out>
</testcase>
</testsuite>
<testsuite name="auth.spec.ts" timestamp="2025-05-12T05:56:25.613Z" hostname="" tests="1" failures="0" skipped="0" time="40.014" errors="0">
<testcase name="Authenticate" classname="auth.spec.ts" time="40.014">
</testcase>
</testsuite>
<testsuite name="becomeBigLeaguer.spec.ts" timestamp="2025-05-12T05:56:25.613Z" hostname="" tests="1" failures="1" skipped="0" time="64.893" errors="0">
<testcase name="check BBL page" classname="becomeBigLeaguer.spec.ts" time="64.893">
<failure message="becomeBigLeaguer.spec.ts:4:5 check BBL page" type="FAILURE">
<![CDATA[  becomeBigLeaguer.spec.ts:4:5 › check BBL page ────────────────────────────────────────────────────

    Error: Element assertion failed: Error: Timed out 10000ms waiting for expect(locator).toBeInViewport()

    Locator: getByRole('cell', { name: 'Last name' })
    Expected: in viewport
    Received: <element(s) not found>
    Call log:
      - expect.toBeInViewport with timeout 10000ms
      - waiting for getByRole('cell', { name: 'Last name' })


       at ../common/steps/index.ts:64

      62 |       );
      63 |     } catch (error) {
    > 64 |       throw new Error(`Element assertion failed: ${error}`);
         |             ^
      65 |     }
      66 |   }
      67 |
        at UserSteps.assertElementsExist (/Users/57block/topps-ui-automation/common/steps/index.ts:64:13)
        at /Users/57block/topps-ui-automation/tests/becomeBigLeaguer.spec.ts:8:3

    attachment #1: screenshot (image/png) ──────────────────────────────────────────────────────────
    test-results/becomeBigLeaguer-check-BBL-page/test-failed-1.png
    ────────────────────────────────────────────────────────────────────────────────────────────────

    attachment #2: video (video/webm) ──────────────────────────────────────────────────────────────
    test-results/becomeBigLeaguer-check-BBL-page/video.webm
    ────────────────────────────────────────────────────────────────────────────────────────────────

    attachment #3: trace (application/zip) ─────────────────────────────────────────────────────────
    test-results/becomeBigLeaguer-check-BBL-page/trace.zip
    Usage:

        npx playwright show-trace test-results/becomeBigLeaguer-check-BBL-page/trace.zip

    ────────────────────────────────────────────────────────────────────────────────────────────────

    Retry #1 ───────────────────────────────────────────────────────────────────────────────────────

    Error: Element assertion failed: Error: Timed out 10000ms waiting for expect(locator).toBeInViewport()

    Locator: getByRole('cell', { name: 'Last name' })
    Expected: in viewport
    Received: <element(s) not found>
    Call log:
      - expect.toBeInViewport with timeout 10000ms
      - waiting for getByRole('cell', { name: 'Last name' })


       at ../common/steps/index.ts:64

      62 |       );
      63 |     } catch (error) {
    > 64 |       throw new Error(`Element assertion failed: ${error}`);
         |             ^
      65 |     }
      66 |   }
      67 |
        at UserSteps.assertElementsExist (/Users/57block/topps-ui-automation/common/steps/index.ts:64:13)
        at /Users/57block/topps-ui-automation/tests/becomeBigLeaguer.spec.ts:8:3

    attachment #1: screenshot (image/png) ──────────────────────────────────────────────────────────
    test-results/becomeBigLeaguer-check-BBL-page-retry1/test-failed-1.png
    ────────────────────────────────────────────────────────────────────────────────────────────────

    attachment #2: video (video/webm) ──────────────────────────────────────────────────────────────
    test-results/becomeBigLeaguer-check-BBL-page-retry1/video.webm
    ────────────────────────────────────────────────────────────────────────────────────────────────

    attachment #3: trace (application/zip) ─────────────────────────────────────────────────────────
    test-results/becomeBigLeaguer-check-BBL-page-retry1/trace.zip
    Usage:

        npx playwright show-trace test-results/becomeBigLeaguer-check-BBL-page-retry1/trace.zip

    ────────────────────────────────────────────────────────────────────────────────────────────────
]]>
</failure>
<system-out>
<![CDATA[
[[ATTACHMENT|test-results/becomeBigLeaguer-check-BBL-page/test-failed-1.png]]

[[ATTACHMENT|test-results/becomeBigLeaguer-check-BBL-page/video.webm]]

[[ATTACHMENT|test-results/becomeBigLeaguer-check-BBL-page/trace.zip]]

[[ATTACHMENT|test-results/becomeBigLeaguer-check-BBL-page-retry1/test-failed-1.png]]

[[ATTACHMENT|test-results/becomeBigLeaguer-check-BBL-page-retry1/video.webm]]

[[ATTACHMENT|test-results/becomeBigLeaguer-check-BBL-page-retry1/trace.zip]]
]]>
</system-out>
</testcase>
</testsuite>
<testsuite name="home.spec.ts" timestamp="2025-05-12T05:56:25.613Z" hostname="" tests="4" failures="0" skipped="0" time="81.709" errors="0">
<testcase name="check home page " classname="home.spec.ts" time="20.219">
<system-out>
<![CDATA[
[[ATTACHMENT|test-results/home-check-home-page-/test-finished-1.png]]
]]>
</system-out>
</testcase>
<testcase name="check My Orders option " classname="home.spec.ts" time="14.251">
<system-out>
<![CDATA[
[[ATTACHMENT|test-results/home-check-My-Orders-option-/test-finished-1.png]]
]]>
</system-out>
</testcase>
<testcase name="check Rewards option " classname="home.spec.ts" time="24.8">
<system-out>
<![CDATA[
[[ATTACHMENT|test-results/home-check-Rewards-option-/test-finished-1.png]]
]]>
</system-out>
</testcase>
<testcase name="check sign out option " classname="home.spec.ts" time="22.439">
<system-out>
<![CDATA[
[[ATTACHMENT|test-results/home-check-sign-out-option-/test-finished-1.png]]
]]>
</system-out>
</testcase>
</testsuite>
<testsuite name="myOrders.spec.ts" timestamp="2025-05-12T05:56:25.613Z" hostname="" tests="1" failures="0" skipped="0" time="19.049" errors="0">
<testcase name="check order page" classname="myOrders.spec.ts" time="19.049">
<system-out>
<![CDATA[
[[ATTACHMENT|test-results/myOrders-check-order-page/test-finished-1.png]]
]]>
</system-out>
</testcase>
</testsuite>
<testsuite name="pds.spec.ts" timestamp="2025-05-12T05:56:25.613Z" hostname="" tests="1" failures="0" skipped="0" time="23.687" errors="0">
<testcase name="check pds page" classname="pds.spec.ts" time="23.687">
<system-out>
<![CDATA[
[[ATTACHMENT|test-results/pds-check-pds-page/test-finished-1.png]]
]]>
</system-out>
</testcase>
</testsuite>
<testsuite name="purchase.spec.ts" timestamp="2025-05-12T05:56:25.613Z" hostname="" tests="8" failures="1" skipped="0" time="286.603" errors="0">
<testcase name="Add to cart " classname="purchase.spec.ts" time="33.227">
<system-out>
<![CDATA[
[[ATTACHMENT|test-results/purchase-Add-to-cart-/test-finished-1.png]]
]]>
</system-out>
</testcase>
<testcase name="check in stock " classname="purchase.spec.ts" time="13.848">
<system-out>
<![CDATA[
[[ATTACHMENT|test-results/purchase-check-in-stock-/test-finished-1.png]]
]]>
</system-out>
</testcase>
<testcase name="Add to cart, increase/decrease item , apply code " classname="purchase.spec.ts" time="84.838">
<failure message="purchase.spec.ts:39:5 Add to cart, increase/decrease item , apply code " type="FAILURE">
<![CDATA[  purchase.spec.ts:39:5 › Add to cart, increase/decrease item , apply code  ────────────────────────

    TimeoutError: locator.click: Timeout 20000ms exceeded.
    Call log:
      - waiting for getByRole('button', { name: 'Apply' })
        - locator resolved to <button type="button" class="bg-neutral-600 text-neutral-100 hover:bg-neutral-500 disabled:bg-neutral-200 disabled:text-neutral-400 disabled:opacity-[.40] px-spacing-8 py-spacing-3 rounded-lg justify-center flex items-center inline-flex leading-normal font-semibold text-sans duration-400 text-button ease-in-out transition-colors disabled:cursor-not-allowed cursor-pointer w-full rounded-md disabled:border disabled:border-neutral-700 disabled:bg-neutral-300 disabled:text-neutral-700 w-fit">…</button>
      - attempting click action
        2 × waiting for element to be visible, enabled and stable
          - element is visible, enabled and stable
          - scrolling into view if needed
          - done scrolling
          - <div class="space-between flex flex-1 flex-col justify-between">…</div> from <header class="relative z-30 w-full bg-white">…</header> subtree intercepts pointer events
        - retrying click action
        - waiting 20ms
        2 × waiting for element to be visible, enabled and stable
          - element is visible, enabled and stable
          - scrolling into view if needed
          - done scrolling
          - <div class="space-between flex flex-1 flex-col justify-between">…</div> from <header class="relative z-30 w-full bg-white">…</header> subtree intercepts pointer events
        - retrying click action
          - waiting 100ms
        - waiting for element to be visible, enabled and stable
        - element is not stable
      37 × retrying click action
           - waiting 500ms
           - waiting for element to be visible, enabled and stable
           - element is visible, enabled and stable
           - scrolling into view if needed
           - done scrolling
           - <div class="space-between flex flex-1 flex-col justify-between">…</div> from <header class="relative z-30 w-full bg-white">…</header> subtree intercepts pointer events
      - retrying click action
        - waiting 500ms


       at ../common/steps/cartPage/index.ts:27

      25 |
      26 |   async applyCode() {
    > 27 |     await this.apply.click();
         |                      ^
      28 |   }
      29 |
      30 |   async getSubtotal() {
        at CartSteps.applyCode (/Users/57block/topps-ui-automation/common/steps/cartPage/index.ts:27:22)
        at /Users/57block/topps-ui-automation/tests/purchase.spec.ts:66:19

    attachment #1: screenshot (image/png) ──────────────────────────────────────────────────────────
    test-results/purchase-Add-to-cart-increase-decrease-item-apply-code-/test-failed-1.png
    ────────────────────────────────────────────────────────────────────────────────────────────────

    attachment #2: video (video/webm) ──────────────────────────────────────────────────────────────
    test-results/purchase-Add-to-cart-increase-decrease-item-apply-code-/video.webm
    ────────────────────────────────────────────────────────────────────────────────────────────────

    attachment #3: trace (application/zip) ─────────────────────────────────────────────────────────
    test-results/purchase-Add-to-cart-increase-decrease-item-apply-code-/trace.zip
    Usage:

        npx playwright show-trace test-results/purchase-Add-to-cart-increase-decrease-item-apply-code-/trace.zip

    ────────────────────────────────────────────────────────────────────────────────────────────────

    Retry #1 ───────────────────────────────────────────────────────────────────────────────────────

    TimeoutError: locator.click: Timeout 20000ms exceeded.
    Call log:
      - waiting for getByRole('button', { name: 'Apply' })
        - locator resolved to <button type="button" class="bg-neutral-600 text-neutral-100 hover:bg-neutral-500 disabled:bg-neutral-200 disabled:text-neutral-400 disabled:opacity-[.40] px-spacing-8 py-spacing-3 rounded-lg justify-center flex items-center inline-flex leading-normal font-semibold text-sans duration-400 text-button ease-in-out transition-colors disabled:cursor-not-allowed cursor-pointer w-full rounded-md disabled:border disabled:border-neutral-700 disabled:bg-neutral-300 disabled:text-neutral-700 w-fit">…</button>
      - attempting click action
        2 × waiting for element to be visible, enabled and stable
          - element is visible, enabled and stable
          - scrolling into view if needed
          - done scrolling
          - <button type="button" tabindex="-1" title="Close Account Menu" class="fixed left-0 top-0 z-20 h-screen w-screen bg-black transition-opacity duration-300 block opacity-20"></button> from <header class="relative z-30 w-full bg-white">…</header> subtree intercepts pointer events
        - retrying click action
        - waiting 20ms
        - waiting for element to be visible, enabled and stable
        - element is visible, enabled and stable
        - scrolling into view if needed
        - done scrolling
        - <button type="button" tabindex="-1" title="Close Account Menu" class="fixed left-0 top-0 z-20 h-screen w-screen bg-black transition-opacity duration-300 block opacity-20"></button> from <header class="relative z-30 w-full bg-white">…</header> subtree intercepts pointer events
      - retrying click action
        - waiting 100ms
        - waiting for element to be visible, enabled and stable
        - element is visible, enabled and stable
        - scrolling into view if needed
        - done scrolling
        - <div class="space-between flex flex-1 flex-col justify-between">…</div> from <header class="relative z-30 w-full bg-white">…</header> subtree intercepts pointer events
      - retrying click action
        - waiting 100ms
        - waiting for element to be visible, enabled and stable
        - element is not stable
      37 × retrying click action
           - waiting 500ms
           - waiting for element to be visible, enabled and stable
           - element is visible, enabled and stable
           - scrolling into view if needed
           - done scrolling
           - <div class="space-between flex flex-1 flex-col justify-between">…</div> from <header class="relative z-30 w-full bg-white">…</header> subtree intercepts pointer events
      - retrying click action
        - waiting 500ms


       at ../common/steps/cartPage/index.ts:27

      25 |
      26 |   async applyCode() {
    > 27 |     await this.apply.click();
         |                      ^
      28 |   }
      29 |
      30 |   async getSubtotal() {
        at CartSteps.applyCode (/Users/57block/topps-ui-automation/common/steps/cartPage/index.ts:27:22)
        at /Users/57block/topps-ui-automation/tests/purchase.spec.ts:66:19

    attachment #1: screenshot (image/png) ──────────────────────────────────────────────────────────
    test-results/purchase-Add-to-cart-increase-decrease-item-apply-code--retry1/test-failed-1.png
    ────────────────────────────────────────────────────────────────────────────────────────────────

    attachment #2: video (video/webm) ──────────────────────────────────────────────────────────────
    test-results/purchase-Add-to-cart-increase-decrease-item-apply-code--retry1/video.webm
    ────────────────────────────────────────────────────────────────────────────────────────────────

    attachment #3: trace (application/zip) ─────────────────────────────────────────────────────────
    test-results/purchase-Add-to-cart-increase-decrease-item-apply-code--retry1/trace.zip
    Usage:

        npx playwright show-trace test-results/purchase-Add-to-cart-increase-decrease-item-apply-code--retry1/trace.zip

    ────────────────────────────────────────────────────────────────────────────────────────────────
]]>
</failure>
<system-out>
<![CDATA[
[[ATTACHMENT|test-results/purchase-Add-to-cart-increase-decrease-item-apply-code-/test-failed-1.png]]

[[ATTACHMENT|test-results/purchase-Add-to-cart-increase-decrease-item-apply-code-/video.webm]]

[[ATTACHMENT|test-results/purchase-Add-to-cart-increase-decrease-item-apply-code-/trace.zip]]

[[ATTACHMENT|test-results/purchase-Add-to-cart-increase-decrease-item-apply-code--retry1/test-failed-1.png]]

[[ATTACHMENT|test-results/purchase-Add-to-cart-increase-decrease-item-apply-code--retry1/video.webm]]

[[ATTACHMENT|test-results/purchase-Add-to-cart-increase-decrease-item-apply-code--retry1/trace.zip]]
]]>
</system-out>
</testcase>
<testcase name="Add to cart , and continue to checkout" classname="purchase.spec.ts" time="12.679">
<system-out>
<![CDATA[
[[ATTACHMENT|test-results/purchase-Add-to-cart-and-continue-to-checkout/test-finished-1.png]]
]]>
</system-out>
</testcase>
<testcase name="Add to cart , and remove item" classname="purchase.spec.ts" time="12.955">
<system-out>
<![CDATA[
[[ATTACHMENT|test-results/purchase-Add-to-cart-and-remove-item/test-finished-1.png]]
]]>
</system-out>
</testcase>
<testcase name="Buy now , add shipping free " classname="purchase.spec.ts" time="29.051">
<system-out>
<![CDATA[
[[ATTACHMENT|test-results/purchase-Buy-now-add-shipping-free-/test-finished-1.png]]
]]>
</system-out>
</testcase>
<testcase name="Empty cart" classname="purchase.spec.ts" time="24.63">
<system-out>
<![CDATA[
[[ATTACHMENT|test-results/purchase-Empty-cart/test-finished-1.png]]
]]>
</system-out>
</testcase>
<testcase name="View options" classname="purchase.spec.ts" time="75.375">
<system-out>
<![CDATA[
[[ATTACHMENT|test-results/purchase-View-options/test-failed-1.png]]

[[ATTACHMENT|test-results/purchase-View-options/video.webm]]

[[ATTACHMENT|test-results/purchase-View-options/trace.zip]]

[[ATTACHMENT|test-results/purchase-View-options-retry1/test-finished-1.png]]
]]>
</system-out>
</testcase>
</testsuite>
<testsuite name="redemptions.spec.ts" timestamp="2025-05-12T05:56:25.613Z" hostname="" tests="1" failures="0" skipped="0" time="18.234" errors="0">
<testcase name="check redemptions page" classname="redemptions.spec.ts" time="18.234">
<system-out>
<![CDATA[
[[ATTACHMENT|test-results/redemptions-check-redemptions-page/test-finished-1.png]]
]]>
</system-out>
</testcase>
</testsuite>
<testsuite name="socialMediaFollowBack.spec.ts" timestamp="2025-05-12T05:56:25.613Z" hostname="" tests="1" failures="1" skipped="0" time="57.951" errors="0">
<testcase name="check social follow back page" classname="socialMediaFollowBack.spec.ts" time="57.951">
<failure message="socialMediaFollowBack.spec.ts:4:5 check social follow back page" type="FAILURE">
<![CDATA[  socialMediaFollowBack.spec.ts:4:5 › check social follow back page ────────────────────────────────

    Error: Element assertion failed: Error: Timed out 10000ms waiting for expect(locator).toBeInViewport()

    Locator: getByRole('cell', { name: 'Last name' })
    Expected: in viewport
    Received: <element(s) not found>
    Call log:
      - expect.toBeInViewport with timeout 10000ms
      - waiting for getByRole('cell', { name: 'Last name' })


       at ../common/steps/index.ts:64

      62 |       );
      63 |     } catch (error) {
    > 64 |       throw new Error(`Element assertion failed: ${error}`);
         |             ^
      65 |     }
      66 |   }
      67 |
        at UserSteps.assertElementsExist (/Users/57block/topps-ui-automation/common/steps/index.ts:64:13)
        at /Users/57block/topps-ui-automation/tests/socialMediaFollowBack.spec.ts:8:3

    attachment #1: screenshot (image/png) ──────────────────────────────────────────────────────────
    test-results/socialMediaFollowBack-check-social-follow-back-page/test-failed-1.png
    ────────────────────────────────────────────────────────────────────────────────────────────────

    attachment #2: video (video/webm) ──────────────────────────────────────────────────────────────
    test-results/socialMediaFollowBack-check-social-follow-back-page/video.webm
    ────────────────────────────────────────────────────────────────────────────────────────────────

    attachment #3: trace (application/zip) ─────────────────────────────────────────────────────────
    test-results/socialMediaFollowBack-check-social-follow-back-page/trace.zip
    Usage:

        npx playwright show-trace test-results/socialMediaFollowBack-check-social-follow-back-page/trace.zip

    ────────────────────────────────────────────────────────────────────────────────────────────────

    Retry #1 ───────────────────────────────────────────────────────────────────────────────────────

    Error: Element assertion failed: Error: Timed out 10000ms waiting for expect(locator).toBeInViewport()

    Locator: getByRole('cell', { name: 'Last name' })
    Expected: in viewport
    Received: <element(s) not found>
    Call log:
      - expect.toBeInViewport with timeout 10000ms
      - waiting for getByRole('cell', { name: 'Last name' })


       at ../common/steps/index.ts:64

      62 |       );
      63 |     } catch (error) {
    > 64 |       throw new Error(`Element assertion failed: ${error}`);
         |             ^
      65 |     }
      66 |   }
      67 |
        at UserSteps.assertElementsExist (/Users/57block/topps-ui-automation/common/steps/index.ts:64:13)
        at /Users/57block/topps-ui-automation/tests/socialMediaFollowBack.spec.ts:8:3

    attachment #1: screenshot (image/png) ──────────────────────────────────────────────────────────
    test-results/socialMediaFollowBack-check-social-follow-back-page-retry1/test-failed-1.png
    ────────────────────────────────────────────────────────────────────────────────────────────────

    attachment #2: video (video/webm) ──────────────────────────────────────────────────────────────
    test-results/socialMediaFollowBack-check-social-follow-back-page-retry1/video.webm
    ────────────────────────────────────────────────────────────────────────────────────────────────

    attachment #3: trace (application/zip) ─────────────────────────────────────────────────────────
    test-results/socialMediaFollowBack-check-social-follow-back-page-retry1/trace.zip
    Usage:

        npx playwright show-trace test-results/socialMediaFollowBack-check-social-follow-back-page-retry1/trace.zip

    ────────────────────────────────────────────────────────────────────────────────────────────────
]]>
</failure>
<system-out>
<![CDATA[
[[ATTACHMENT|test-results/socialMediaFollowBack-check-social-follow-back-page/test-failed-1.png]]

[[ATTACHMENT|test-results/socialMediaFollowBack-check-social-follow-back-page/video.webm]]

[[ATTACHMENT|test-results/socialMediaFollowBack-check-social-follow-back-page/trace.zip]]

[[ATTACHMENT|test-results/socialMediaFollowBack-check-social-follow-back-page-retry1/test-failed-1.png]]

[[ATTACHMENT|test-results/socialMediaFollowBack-check-social-follow-back-page-retry1/video.webm]]

[[ATTACHMENT|test-results/socialMediaFollowBack-check-social-follow-back-page-retry1/trace.zip]]
]]>
</system-out>
</testcase>
</testsuite>
</testsuites>